Build started 3/23/2018 11:00:41 PM.
     1>Project "D:\Personal\Private\computer science\C++ Projects\Comparing\Comparing\Comparing.vcxproj" on node 2 (build target(s)).
     1>InitializeBuildStatus:
         Creating "Debug\Comparing.unsuccessfulbuild" because "AlwaysCreate" was specified.
       ClCompile:
         c:\Program Files (x86)\Microsoft Visual Studio 10.0\VC\bin\CL.exe /c /ZI /nologo /W3 /WX- /Od /Oy- /D WIN32 /D _DEBUG /D _CONSOLE /D _UNICODE /D UNICODE /Gm /EHsc /RTC1 /MDd /GS /fp:precise /Zc:wchar_t /Zc:forScope /Yc"StdAfx.h" /Fp"Debug\Comparing.pch" /Fo"Debug\\" /Fd"Debug\vc100.pdb" /Gd /TP /analyze- /errorReport:prompt stdafx.cpp
         stdafx.cpp
         c:\Program Files (x86)\Microsoft Visual Studio 10.0\VC\bin\CL.exe /c /ZI /nologo /W3 /WX- /Od /Oy- /D WIN32 /D _DEBUG /D _CONSOLE /D _UNICODE /D UNICODE /Gm /EHsc /RTC1 /MDd /GS /fp:precise /Zc:wchar_t /Zc:forScope /Yu"StdAfx.h" /Fp"Debug\Comparing.pch" /Fo"Debug\\" /Fd"Debug\vc100.pdb" /Gd /TP /analyze- /errorReport:prompt Comparing.cpp
         Comparing.cpp
     1>d:\personal\private\computer science\c++ projects\comparing\comparing\comparing.cpp(12): warning C4018: '<' : signed/unsigned mismatch
     1>d:\personal\private\computer science\c++ projects\comparing\comparing\comparing.cpp(17): warning C4018: '<' : signed/unsigned mismatch
     1>d:\personal\private\computer science\c++ projects\comparing\comparing\comparing.cpp(25): warning C4018: '<' : signed/unsigned mismatch
     1>d:\personal\private\computer science\c++ projects\comparing\comparing\comparing.cpp(36): warning C4018: '<' : signed/unsigned mismatch
     1>d:\personal\private\computer science\c++ projects\comparing\comparing\comparing.cpp(43): warning C4018: '<' : signed/unsigned mismatch
     1>d:\personal\private\computer science\c++ projects\comparing\comparing\comparing.cpp(51): warning C4018: '<' : signed/unsigned mismatch
       ManifestResourceCompile:
         c:\Program Files (x86)\Microsoft SDKs\Windows\v7.0A\bin\rc.exe /nologo /fo"Debug\Comparing.exe.embed.manifest.res" Debug\Comparing_manifest.rc 
       Link:
         c:\Program Files (x86)\Microsoft Visual Studio 10.0\VC\bin\link.exe /ERRORREPORT:PROMPT /OUT:"D:\Personal\Private\computer science\C++ Projects\Comparing\Debug\Comparing.exe" /INCREMENTAL /NOLOGO kernel32.lib user32.lib gdi32.lib winspool.lib comdlg32.lib advapi32.lib shell32.lib ole32.lib oleaut32.lib uuid.lib odbc32.lib odbccp32.lib /MANIFEST /ManifestFile:"Debug\Comparing.exe.intermediate.manifest" /MANIFESTUAC:"level='asInvoker' uiAccess='false'" /DEBUG /PDB:"D:\Personal\Private\computer science\C++ Projects\Comparing\Debug\Comparing.pdb" /SUBSYSTEM:CONSOLE /TLBID:1 /DYNAMICBASE /NXCOMPAT /IMPLIB:"D:\Personal\Private\computer science\C++ Projects\Comparing\Debug\Comparing.lib" /MACHINE:X86 Debug\Comparing.exe.embed.manifest.res
         Debug\Comparing.obj
         Debug\stdafx.obj
         LINK : D:\Personal\Private\computer science\C++ Projects\Comparing\Debug\Comparing.exe not found or not built by the last incremental link; performing full link
       Manifest:
         c:\Program Files (x86)\Microsoft SDKs\Windows\v7.0A\bin\mt.exe /nologo /verbose /out:"Debug\Comparing.exe.embed.manifest" /manifest Debug\Comparing.exe.intermediate.manifest
         All outputs are up-to-date.
       LinkEmbedManifest:
         All outputs are up-to-date.
         Comparing.vcxproj -> D:\Personal\Private\computer science\C++ Projects\Comparing\Debug\Comparing.exe
       FinalizeBuildStatus:
         Deleting file "Debug\Comparing.unsuccessfulbuild".
         Touching "Debug\Comparing.lastbuildstate".
     1>Done Building Project "D:\Personal\Private\computer science\C++ Projects\Comparing\Comparing\Comparing.vcxproj" (build target(s)).

Build succeeded.

Time Elapsed 00:00:03.29
