Build started 3/23/2018 10:51:18 PM.
     1>Project "D:\Personal\Private\computer science\C++ Projects\A simple function program\A simple function program\A simple function program.vcxproj" on node 2 (build target(s)).
     1>InitializeBuildStatus:
         Creating "Debug\A simple function program.unsuccessfulbuild" because "AlwaysCreate" was specified.
       ClCompile:
         c:\Program Files (x86)\Microsoft Visual Studio 10.0\VC\bin\CL.exe /c /ZI /nologo /W3 /WX- /Od /Oy- /D WIN32 /D _DEBUG /D _CONSOLE /D _UNICODE /D UNICODE /Gm /EHsc /RTC1 /MDd /GS /fp:precise /Zc:wchar_t /Zc:forScope /Yc"StdAfx.h" /Fp"Debug\A simple function program.pch" /Fo"Debug\\" /Fd"Debug\vc100.pdb" /Gd /TP /analyze- /errorReport:prompt stdafx.cpp
         stdafx.cpp
         c:\Program Files (x86)\Microsoft Visual Studio 10.0\VC\bin\CL.exe /c /ZI /nologo /W3 /WX- /Od /Oy- /D WIN32 /D _DEBUG /D _CONSOLE /D _UNICODE /D UNICODE /Gm /EHsc /RTC1 /MDd /GS /fp:precise /Zc:wchar_t /Zc:forScope /Yu"StdAfx.h" /Fp"Debug\A simple function program.pch" /Fo"Debug\\" /Fd"Debug\vc100.pdb" /Gd /TP /analyze- /errorReport:prompt "A simple function program.cpp"
         A simple function program.cpp
       ManifestResourceCompile:
         c:\Program Files (x86)\Microsoft SDKs\Windows\v7.0A\bin\rc.exe /nologo /fo"Debug\A simple function program.exe.embed.manifest.res" "Debug\A simple function program_manifest.rc" 
       Link:
         c:\Program Files (x86)\Microsoft Visual Studio 10.0\VC\bin\link.exe /ERRORREPORT:PROMPT /OUT:"D:\Personal\Private\computer science\C++ Projects\A simple function program\Debug\A simple function program.exe" /INCREMENTAL /NOLOGO kernel32.lib user32.lib gdi32.lib winspool.lib comdlg32.lib advapi32.lib shell32.lib ole32.lib oleaut32.lib uuid.lib odbc32.lib odbccp32.lib /MANIFEST /ManifestFile:"Debug\A simple function program.exe.intermediate.manifest" /MANIFESTUAC:"level='asInvoker' uiAccess='false'" /DEBUG /PDB:"D:\Personal\Private\computer science\C++ Projects\A simple function program\Debug\A simple function program.pdb" /SUBSYSTEM:CONSOLE /TLBID:1 /DYNAMICBASE /NXCOMPAT /IMPLIB:"D:\Personal\Private\computer science\C++ Projects\A simple function program\Debug\A simple function program.lib" /MACHINE:X86 "Debug\A simple function program.exe.embed.manifest.res"
         "Debug\A simple function program.obj"
         Debug\stdafx.obj
         LINK : D:\Personal\Private\computer science\C++ Projects\A simple function program\Debug\A simple function program.exe not found or not built by the last incremental link; performing full link
       Manifest:
         c:\Program Files (x86)\Microsoft SDKs\Windows\v7.0A\bin\mt.exe /nologo /verbose /out:"Debug\A simple function program.exe.embed.manifest" /manifest "Debug\A simple function program.exe.intermediate.manifest"
         All outputs are up-to-date.
       LinkEmbedManifest:
         All outputs are up-to-date.
         A simple function program.vcxproj -> D:\Personal\Private\computer science\C++ Projects\A simple function program\Debug\A simple function program.exe
       FinalizeBuildStatus:
         Deleting file "Debug\A simple function program.unsuccessfulbuild".
         Touching "Debug\A simple function program.lastbuildstate".
     1>Done Building Project "D:\Personal\Private\computer science\C++ Projects\A simple function program\A simple function program\A simple function program.vcxproj" (build target(s)).

Build succeeded.

Time Elapsed 00:00:02.67
