Build started 3/23/2018 10:56:19 PM.
     1>Project "D:\Personal\Private\computer science\C++ Projects\Buffer Overflo in Strings\Buffer Overflo in Strings\Buffer Overflo in Strings.vcxproj" on node 2 (build target(s)).
     1>InitializeBuildStatus:
         Creating "Debug\Buffer Overflo in Strings.unsuccessfulbuild" because "AlwaysCreate" was specified.
       ClCompile:
         c:\Program Files (x86)\Microsoft Visual Studio 10.0\VC\bin\CL.exe /c /ZI /nologo /W3 /WX- /Od /Oy- /D WIN32 /D _DEBUG /D _CONSOLE /D _UNICODE /D UNICODE /Gm /EHsc /RTC1 /MDd /GS /fp:precise /Zc:wchar_t /Zc:forScope /Yc"StdAfx.h" /Fp"Debug\Buffer Overflo in Strings.pch" /Fo"Debug\\" /Fd"Debug\vc100.pdb" /Gd /TP /analyze- /errorReport:prompt stdafx.cpp
         stdafx.cpp
         c:\Program Files (x86)\Microsoft Visual Studio 10.0\VC\bin\CL.exe /c /ZI /nologo /W3 /WX- /Od /Oy- /D WIN32 /D _DEBUG /D _CONSOLE /D _UNICODE /D UNICODE /Gm /EHsc /RTC1 /MDd /GS /fp:precise /Zc:wchar_t /Zc:forScope /Yu"StdAfx.h" /Fp"Debug\Buffer Overflo in Strings.pch" /Fo"Debug\\" /Fd"Debug\vc100.pdb" /Gd /TP /analyze- /errorReport:prompt "Buffer Overflo in Strings.cpp"
         Buffer Overflo in Strings.cpp
       ManifestResourceCompile:
         c:\Program Files (x86)\Microsoft SDKs\Windows\v7.0A\bin\rc.exe /nologo /fo"Debug\Buffer Overflo in Strings.exe.embed.manifest.res" "Debug\Buffer Overflo in Strings_manifest.rc" 
       Link:
         c:\Program Files (x86)\Microsoft Visual Studio 10.0\VC\bin\link.exe /ERRORREPORT:PROMPT /OUT:"D:\Personal\Private\computer science\C++ Projects\Buffer Overflo in Strings\Debug\Buffer Overflo in Strings.exe" /INCREMENTAL /NOLOGO kernel32.lib user32.lib gdi32.lib winspool.lib comdlg32.lib advapi32.lib shell32.lib ole32.lib oleaut32.lib uuid.lib odbc32.lib odbccp32.lib /MANIFEST /ManifestFile:"Debug\Buffer Overflo in Strings.exe.intermediate.manifest" /MANIFESTUAC:"level='asInvoker' uiAccess='false'" /DEBUG /PDB:"D:\Personal\Private\computer science\C++ Projects\Buffer Overflo in Strings\Debug\Buffer Overflo in Strings.pdb" /SUBSYSTEM:CONSOLE /TLBID:1 /DYNAMICBASE /NXCOMPAT /IMPLIB:"D:\Personal\Private\computer science\C++ Projects\Buffer Overflo in Strings\Debug\Buffer Overflo in Strings.lib" /MACHINE:X86 "Debug\Buffer Overflo in Strings.exe.embed.manifest.res"
         "Debug\Buffer Overflo in Strings.obj"
         Debug\stdafx.obj
         LINK : D:\Personal\Private\computer science\C++ Projects\Buffer Overflo in Strings\Debug\Buffer Overflo in Strings.exe not found or not built by the last incremental link; performing full link
       Manifest:
         c:\Program Files (x86)\Microsoft SDKs\Windows\v7.0A\bin\mt.exe /nologo /verbose /out:"Debug\Buffer Overflo in Strings.exe.embed.manifest" /manifest "Debug\Buffer Overflo in Strings.exe.intermediate.manifest"
         All outputs are up-to-date.
       LinkEmbedManifest:
         All outputs are up-to-date.
         Buffer Overflo in Strings.vcxproj -> D:\Personal\Private\computer science\C++ Projects\Buffer Overflo in Strings\Debug\Buffer Overflo in Strings.exe
       FinalizeBuildStatus:
         Deleting file "Debug\Buffer Overflo in Strings.unsuccessfulbuild".
         Touching "Debug\Buffer Overflo in Strings.lastbuildstate".
     1>Done Building Project "D:\Personal\Private\computer science\C++ Projects\Buffer Overflo in Strings\Buffer Overflo in Strings\Buffer Overflo in Strings.vcxproj" (build target(s)).

Build succeeded.

Time Elapsed 00:00:02.54
