Build started 5/22/2016 4:15:23 PM.
     1>Project "c:\Users\Shahzad\documents\visual studio 2010\Projects\Fraction\Fraction\Fraction.vcxproj" on node 2 (build target(s)).
     1>InitializeBuildStatus:
         Creating "Debug\Fraction.unsuccessfulbuild" because "AlwaysCreate" was specified.
       ClCompile:
         All outputs are up-to-date.
         c:\Program Files (x86)\Microsoft Visual Studio 10.0\VC\bin\CL.exe /c /ZI /nologo /W3 /WX- /Od /Oy- /D WIN32 /D _DEBUG /D _CONSOLE /D _UNICODE /D UNICODE /Gm /EHsc /RTC1 /MDd /GS /fp:precise /Zc:wchar_t /Zc:forScope /Yu"StdAfx.h" /Fp"Debug\Fraction.pch" /Fo"Debug\\" /Fd"Debug\vc100.pdb" /Gd /TP /analyze- /errorReport:prompt Fraction.cpp
         Fraction.cpp
     1>c:\users\shahzad\documents\visual studio 2010\projects\fraction\fraction\fraction.cpp(17): warning C4101: 'result' : unreferenced local variable
       ManifestResourceCompile:
         All outputs are up-to-date.
       Link:
         c:\Program Files (x86)\Microsoft Visual Studio 10.0\VC\bin\link.exe /ERRORREPORT:PROMPT /OUT:"c:\users\shahzad\documents\visual studio 2010\Projects\Fraction\Debug\Fraction.exe" /INCREMENTAL /NOLOGO kernel32.lib user32.lib gdi32.lib winspool.lib comdlg32.lib advapi32.lib shell32.lib ole32.lib oleaut32.lib uuid.lib odbc32.lib odbccp32.lib /MANIFEST /ManifestFile:"Debug\Fraction.exe.intermediate.manifest" /MANIFESTUAC:"level='asInvoker' uiAccess='false'" /DEBUG /PDB:"c:\users\shahzad\documents\visual studio 2010\Projects\Fraction\Debug\Fraction.pdb" /SUBSYSTEM:CONSOLE /TLBID:1 /DYNAMICBASE /NXCOMPAT /IMPLIB:"c:\users\shahzad\documents\visual studio 2010\Projects\Fraction\Debug\Fraction.lib" /MACHINE:X86 Debug\Fraction.exe.embed.manifest.res
         Debug\Fraction.obj
         Debug\stdafx.obj
       Manifest:
         c:\Program Files (x86)\Microsoft SDKs\Windows\v7.0A\bin\mt.exe /nologo /verbose /out:"Debug\Fraction.exe.embed.manifest" /manifest Debug\Fraction.exe.intermediate.manifest
         All outputs are up-to-date.
       LinkEmbedManifest:
         All outputs are up-to-date.
         Fraction.vcxproj -> c:\users\shahzad\documents\visual studio 2010\Projects\Fraction\Debug\Fraction.exe
       FinalizeBuildStatus:
         Deleting file "Debug\Fraction.unsuccessfulbuild".
         Touching "Debug\Fraction.lastbuildstate".
     1>Done Building Project "c:\Users\Shahzad\documents\visual studio 2010\Projects\Fraction\Fraction\Fraction.vcxproj" (build target(s)).

Build succeeded.

Time Elapsed 00:00:02.04
