Build started 3/23/2018 10:54:28 PM.
     1>Project "D:\Personal\Private\computer science\C++ Projects\Array Fundamental Program\Array Fundamental Program\Array Fundamental Program.vcxproj" on node 2 (build target(s)).
     1>InitializeBuildStatus:
         Creating "Debug\Array Fundamental Program.unsuccessfulbuild" because "AlwaysCreate" was specified.
       ClCompile:
         All outputs are up-to-date.
         c:\Program Files (x86)\Microsoft Visual Studio 10.0\VC\bin\CL.exe /c /ZI /nologo /W3 /WX- /Od /Oy- /D WIN32 /D _DEBUG /D _CONSOLE /D _UNICODE /D UNICODE /Gm /EHsc /RTC1 /MDd /GS /fp:precise /Zc:wchar_t /Zc:forScope /Yu"StdAfx.h" /Fp"Debug\Array Fundamental Program.pch" /Fo"Debug\\" /Fd"Debug\vc100.pdb" /Gd /TP /analyze- /errorReport:prompt "Array Fundamental Program.cpp"
         Array Fundamental Program.cpp
       ManifestResourceCompile:
         All outputs are up-to-date.
       Link:
         c:\Program Files (x86)\Microsoft Visual Studio 10.0\VC\bin\link.exe /ERRORREPORT:PROMPT /OUT:"D:\Personal\Private\computer science\C++ Projects\Array Fundamental Program\Debug\Array Fundamental Program.exe" /INCREMENTAL /NOLOGO kernel32.lib user32.lib gdi32.lib winspool.lib comdlg32.lib advapi32.lib shell32.lib ole32.lib oleaut32.lib uuid.lib odbc32.lib odbccp32.lib /MANIFEST /ManifestFile:"Debug\Array Fundamental Program.exe.intermediate.manifest" /MANIFESTUAC:"level='asInvoker' uiAccess='false'" /DEBUG /PDB:"D:\Personal\Private\computer science\C++ Projects\Array Fundamental Program\Debug\Array Fundamental Program.pdb" /SUBSYSTEM:CONSOLE /TLBID:1 /DYNAMICBASE /NXCOMPAT /IMPLIB:"D:\Personal\Private\computer science\C++ Projects\Array Fundamental Program\Debug\Array Fundamental Program.lib" /MACHINE:X86 "Debug\Array Fundamental Program.exe.embed.manifest.res"
         "Debug\Array Fundamental Program.obj"
         Debug\stdafx.obj
       Manifest:
         c:\Program Files (x86)\Microsoft SDKs\Windows\v7.0A\bin\mt.exe /nologo /verbose /out:"Debug\Array Fundamental Program.exe.embed.manifest" /manifest "Debug\Array Fundamental Program.exe.intermediate.manifest"
         All outputs are up-to-date.
       LinkEmbedManifest:
         All outputs are up-to-date.
         Array Fundamental Program.vcxproj -> D:\Personal\Private\computer science\C++ Projects\Array Fundamental Program\Debug\Array Fundamental Program.exe
       FinalizeBuildStatus:
         Deleting file "Debug\Array Fundamental Program.unsuccessfulbuild".
         Touching "Debug\Array Fundamental Program.lastbuildstate".
     1>Done Building Project "D:\Personal\Private\computer science\C++ Projects\Array Fundamental Program\Array Fundamental Program\Array Fundamental Program.vcxproj" (build target(s)).

Build succeeded.

Time Elapsed 00:00:00.76
