Build started 4/20/2016 11:27:48 PM.
     1>Project "c:\Users\Shahzad\documents\visual studio 2010\Projects\Hello World My first program\Hello World My first program\Hello World My first program.vcxproj" on node 2 (build target(s)).
     1>InitializeBuildStatus:
         Creating "Debug\Hello World My first program.unsuccessfulbuild" because "AlwaysCreate" was specified.
       ClCompile:
         All outputs are up-to-date.
         c:\Program Files (x86)\Microsoft Visual Studio 10.0\VC\bin\CL.exe /c /ZI /nologo /W3 /WX- /Od /Oy- /D WIN32 /D _DEBUG /D _CONSOLE /D _UNICODE /D UNICODE /Gm /EHsc /RTC1 /MDd /GS /fp:precise /Zc:wchar_t /Zc:forScope /Yu"StdAfx.h" /Fp"Debug\Hello World My first program.pch" /Fo"Debug\\" /Fd"Debug\vc100.pdb" /Gd /TP /analyze- /errorReport:prompt "Hello World My first program.cpp"
         Hello World My first program.cpp
       ManifestResourceCompile:
         All outputs are up-to-date.
       Link:
         c:\Program Files (x86)\Microsoft Visual Studio 10.0\VC\bin\link.exe /ERRORREPORT:PROMPT /OUT:"c:\users\shahzad\documents\visual studio 2010\Projects\Hello World My first program\Debug\Hello World My first program.exe" /INCREMENTAL /NOLOGO kernel32.lib user32.lib gdi32.lib winspool.lib comdlg32.lib advapi32.lib shell32.lib ole32.lib oleaut32.lib uuid.lib odbc32.lib odbccp32.lib /MANIFEST /ManifestFile:"Debug\Hello World My first program.exe.intermediate.manifest" /MANIFESTUAC:"level='asInvoker' uiAccess='false'" /DEBUG /PDB:"c:\users\shahzad\documents\visual studio 2010\Projects\Hello World My first program\Debug\Hello World My first program.pdb" /SUBSYSTEM:CONSOLE /TLBID:1 /DYNAMICBASE /NXCOMPAT /IMPLIB:"c:\users\shahzad\documents\visual studio 2010\Projects\Hello World My first program\Debug\Hello World My first program.lib" /MACHINE:X86 "Debug\Hello World My first program.exe.embed.manifest.res"
         "Debug\Hello World My first program.obj"
         Debug\stdafx.obj
       Manifest:
         c:\Program Files (x86)\Microsoft SDKs\Windows\v7.0A\bin\mt.exe /nologo /verbose /out:"Debug\Hello World My first program.exe.embed.manifest" /manifest "Debug\Hello World My first program.exe.intermediate.manifest"
         All outputs are up-to-date.
       LinkEmbedManifest:
         All outputs are up-to-date.
         Hello World My first program.vcxproj -> c:\users\shahzad\documents\visual studio 2010\Projects\Hello World My first program\Debug\Hello World My first program.exe
       FinalizeBuildStatus:
         Deleting file "Debug\Hello World My first program.unsuccessfulbuild".
         Touching "Debug\Hello World My first program.lastbuildstate".
     1>Done Building Project "c:\Users\Shahzad\documents\visual studio 2010\Projects\Hello World My first program\Hello World My first program\Hello World My first program.vcxproj" (build target(s)).

Build succeeded.

Time Elapsed 00:00:00.47
