Build started 4/25/2016 9:02:14 PM.
     1>Project "c:\Users\Shahzad\documents\visual studio 2010\Projects\String Constant\String Constant\String Constant.vcxproj" on node 2 (build target(s)).
     1>PrepareForBuild:
         Creating directory "c:\users\shahzad\documents\visual studio 2010\Projects\String Constant\Debug\".
       InitializeBuildStatus:
         Creating "Debug\String Constant.unsuccessfulbuild" because "AlwaysCreate" was specified.
       ClCompile:
         c:\Program Files (x86)\Microsoft Visual Studio 10.0\VC\bin\CL.exe /c /ZI /nologo /W3 /WX- /Od /Oy- /D WIN32 /D _DEBUG /D _CONSOLE /D _UNICODE /D UNICODE /Gm /EHsc /RTC1 /MDd /GS /fp:precise /Zc:wchar_t /Zc:forScope /Yc"StdAfx.h" /Fp"Debug\String Constant.pch" /Fo"Debug\\" /Fd"Debug\vc100.pdb" /Gd /TP /analyze- /errorReport:prompt stdafx.cpp
         stdafx.cpp
         c:\Program Files (x86)\Microsoft Visual Studio 10.0\VC\bin\CL.exe /c /ZI /nologo /W3 /WX- /Od /Oy- /D WIN32 /D _DEBUG /D _CONSOLE /D _UNICODE /D UNICODE /Gm /EHsc /RTC1 /MDd /GS /fp:precise /Zc:wchar_t /Zc:forScope /Yu"StdAfx.h" /Fp"Debug\String Constant.pch" /Fo"Debug\\" /Fd"Debug\vc100.pdb" /Gd /TP /analyze- /errorReport:prompt "String Constant.cpp"
         String Constant.cpp
       ManifestResourceCompile:
         c:\Program Files (x86)\Microsoft SDKs\Windows\v7.0A\bin\rc.exe /nologo /fo"Debug\String Constant.exe.embed.manifest.res" "Debug\String Constant_manifest.rc" 
       Link:
         c:\Program Files (x86)\Microsoft Visual Studio 10.0\VC\bin\link.exe /ERRORREPORT:PROMPT /OUT:"c:\users\shahzad\documents\visual studio 2010\Projects\String Constant\Debug\String Constant.exe" /INCREMENTAL /NOLOGO kernel32.lib user32.lib gdi32.lib winspool.lib comdlg32.lib advapi32.lib shell32.lib ole32.lib oleaut32.lib uuid.lib odbc32.lib odbccp32.lib /MANIFEST /ManifestFile:"Debug\String Constant.exe.intermediate.manifest" /MANIFESTUAC:"level='asInvoker' uiAccess='false'" /DEBUG /PDB:"c:\users\shahzad\documents\visual studio 2010\Projects\String Constant\Debug\String Constant.pdb" /SUBSYSTEM:CONSOLE /TLBID:1 /DYNAMICBASE /NXCOMPAT /IMPLIB:"c:\users\shahzad\documents\visual studio 2010\Projects\String Constant\Debug\String Constant.lib" /MACHINE:X86 "Debug\String Constant.exe.embed.manifest.res"
         Debug\stdafx.obj
         "Debug\String Constant.obj"
       Manifest:
         c:\Program Files (x86)\Microsoft SDKs\Windows\v7.0A\bin\mt.exe /nologo /verbose /out:"Debug\String Constant.exe.embed.manifest" /manifest "Debug\String Constant.exe.intermediate.manifest"
         c:\Program Files (x86)\Microsoft SDKs\Windows\v7.0A\bin\rc.exe /nologo /fo"Debug\String Constant.exe.embed.manifest.res" "Debug\String Constant_manifest.rc" 
       LinkEmbedManifest:
         c:\Program Files (x86)\Microsoft Visual Studio 10.0\VC\bin\link.exe /ERRORREPORT:PROMPT /OUT:"c:\users\shahzad\documents\visual studio 2010\Projects\String Constant\Debug\String Constant.exe" /INCREMENTAL /NOLOGO kernel32.lib user32.lib gdi32.lib winspool.lib comdlg32.lib advapi32.lib shell32.lib ole32.lib oleaut32.lib uuid.lib odbc32.lib odbccp32.lib /MANIFEST /ManifestFile:"Debug\String Constant.exe.intermediate.manifest" /MANIFESTUAC:"level='asInvoker' uiAccess='false'" /DEBUG /PDB:"c:\users\shahzad\documents\visual studio 2010\Projects\String Constant\Debug\String Constant.pdb" /SUBSYSTEM:CONSOLE /TLBID:1 /DYNAMICBASE /NXCOMPAT /IMPLIB:"c:\users\shahzad\documents\visual studio 2010\Projects\String Constant\Debug\String Constant.lib" /MACHINE:X86 "Debug\String Constant.exe.embed.manifest.res"
         Debug\stdafx.obj
         "Debug\String Constant.obj"
         String Constant.vcxproj -> c:\users\shahzad\documents\visual studio 2010\Projects\String Constant\Debug\String Constant.exe
       FinalizeBuildStatus:
         Deleting file "Debug\String Constant.unsuccessfulbuild".
         Touching "Debug\String Constant.lastbuildstate".
     1>Done Building Project "c:\Users\Shahzad\documents\visual studio 2010\Projects\String Constant\String Constant\String Constant.vcxproj" (build target(s)).

Build succeeded.

Time Elapsed 00:00:04.80
