Build started 4/23/2016 1:20:41 PM.
     1>Project "C:\Users\Shahzad\Documents\Visual Studio 2010\Projects\The switch statement\The switch statement\The switch statement.vcxproj" on node 2 (build target(s)).
     1>InitializeBuildStatus:
         Touching "Debug\The switch statement.unsuccessfulbuild".
       ClCompile:
         All outputs are up-to-date.
         c:\Program Files (x86)\Microsoft Visual Studio 10.0\VC\bin\CL.exe /c /ZI /nologo /W3 /WX- /Od /Oy- /D WIN32 /D _DEBUG /D _CONSOLE /D _UNICODE /D UNICODE /Gm /EHsc /RTC1 /MDd /GS /fp:precise /Zc:wchar_t /Zc:forScope /Yu"StdAfx.h" /Fp"Debug\The switch statement.pch" /Fo"Debug\\" /Fd"Debug\vc100.pdb" /Gd /TP /analyze- /errorReport:prompt "The switch statement.cpp"
         The switch statement.cpp
       ManifestResourceCompile:
         All outputs are up-to-date.
       Link:
         c:\Program Files (x86)\Microsoft Visual Studio 10.0\VC\bin\link.exe /ERRORREPORT:PROMPT /OUT:"C:\Users\Shahzad\Documents\Visual Studio 2010\Projects\The switch statement\Debug\The switch statement.exe" /INCREMENTAL /NOLOGO kernel32.lib user32.lib gdi32.lib winspool.lib comdlg32.lib advapi32.lib shell32.lib ole32.lib oleaut32.lib uuid.lib odbc32.lib odbccp32.lib /MANIFEST /ManifestFile:"Debug\The switch statement.exe.intermediate.manifest" /MANIFESTUAC:"level='asInvoker' uiAccess='false'" /DEBUG /PDB:"C:\Users\Shahzad\Documents\Visual Studio 2010\Projects\The switch statement\Debug\The switch statement.pdb" /SUBSYSTEM:CONSOLE /TLBID:1 /DYNAMICBASE /NXCOMPAT /IMPLIB:"C:\Users\Shahzad\Documents\Visual Studio 2010\Projects\The switch statement\Debug\The switch statement.lib" /MACHINE:X86 "Debug\The switch statement.exe.embed.manifest.res"
         Debug\stdafx.obj
         "Debug\The switch statement.obj"
       Manifest:
         c:\Program Files (x86)\Microsoft SDKs\Windows\v7.0A\bin\mt.exe /nologo /verbose /out:"Debug\The switch statement.exe.embed.manifest" /manifest "Debug\The switch statement.exe.intermediate.manifest"
         All outputs are up-to-date.
       LinkEmbedManifest:
         All outputs are up-to-date.
         The switch statement.vcxproj -> C:\Users\Shahzad\Documents\Visual Studio 2010\Projects\The switch statement\Debug\The switch statement.exe
       FinalizeBuildStatus:
         Deleting file "Debug\The switch statement.unsuccessfulbuild".
         Touching "Debug\The switch statement.lastbuildstate".
     1>Done Building Project "C:\Users\Shahzad\Documents\Visual Studio 2010\Projects\The switch statement\The switch statement\The switch statement.vcxproj" (build target(s)).

Build succeeded.

Time Elapsed 00:00:01.50
