Build started 5/7/2016 7:43:42 PM.
     1>Project "C:\Users\Shahzad\Documents\Visual Studio 2010\Projects\Overloading Operator\Overloading Operator\Overloading Operator.vcxproj" on node 2 (build target(s)).
     1>InitializeBuildStatus:
         Creating "Debug\Overloading Operator.unsuccessfulbuild" because "AlwaysCreate" was specified.
       ClCompile:
         All outputs are up-to-date.
         c:\Program Files (x86)\Microsoft Visual Studio 10.0\VC\bin\CL.exe /c /ZI /nologo /W3 /WX- /Od /Oy- /D WIN32 /D _DEBUG /D _CONSOLE /D _UNICODE /D UNICODE /Gm /EHsc /RTC1 /MDd /GS /fp:precise /Zc:wchar_t /Zc:forScope /Yu"StdAfx.h" /Fp"Debug\Overloading Operator.pch" /Fo"Debug\\" /Fd"Debug\vc100.pdb" /Gd /TP /analyze- /errorReport:prompt "Overloading Operator.cpp"
         Overloading Operator.cpp
     1>c:\users\shahzad\documents\visual studio 2010\projects\overloading operator\overloading operator\overloading operator.cpp(36): warning C4520: 'cBox' : multiple default constructors specified
       ManifestResourceCompile:
         All outputs are up-to-date.
       Link:
         c:\Program Files (x86)\Microsoft Visual Studio 10.0\VC\bin\link.exe /ERRORREPORT:PROMPT /OUT:"C:\Users\Shahzad\Documents\Visual Studio 2010\Projects\Overloading Operator\Debug\Overloading Operator.exe" /INCREMENTAL /NOLOGO kernel32.lib user32.lib gdi32.lib winspool.lib comdlg32.lib advapi32.lib shell32.lib ole32.lib oleaut32.lib uuid.lib odbc32.lib odbccp32.lib /MANIFEST /ManifestFile:"Debug\Overloading Operator.exe.intermediate.manifest" /MANIFESTUAC:"level='asInvoker' uiAccess='false'" /DEBUG /PDB:"C:\Users\Shahzad\Documents\Visual Studio 2010\Projects\Overloading Operator\Debug\Overloading Operator.pdb" /SUBSYSTEM:CONSOLE /TLBID:1 /DYNAMICBASE /NXCOMPAT /IMPLIB:"C:\Users\Shahzad\Documents\Visual Studio 2010\Projects\Overloading Operator\Debug\Overloading Operator.lib" /MACHINE:X86 "Debug\Overloading Operator.exe.embed.manifest.res"
         "Debug\Overloading Operator.obj"
         Debug\stdafx.obj
       Manifest:
         c:\Program Files (x86)\Microsoft SDKs\Windows\v7.0A\bin\mt.exe /nologo /verbose /out:"Debug\Overloading Operator.exe.embed.manifest" /manifest "Debug\Overloading Operator.exe.intermediate.manifest"
         All outputs are up-to-date.
       LinkEmbedManifest:
         All outputs are up-to-date.
         Overloading Operator.vcxproj -> C:\Users\Shahzad\Documents\Visual Studio 2010\Projects\Overloading Operator\Debug\Overloading Operator.exe
       FinalizeBuildStatus:
         Deleting file "Debug\Overloading Operator.unsuccessfulbuild".
         Touching "Debug\Overloading Operator.lastbuildstate".
     1>Done Building Project "C:\Users\Shahzad\Documents\Visual Studio 2010\Projects\Overloading Operator\Overloading Operator\Overloading Operator.vcxproj" (build target(s)).

Build succeeded.

Time Elapsed 00:00:01.59
