Build started 4/22/2016 10:26:54 PM.
     1>Project "C:\Users\Shahzad\Documents\Visual Studio 2010\Projects\Squareroot\Squareroot\Squareroot.vcxproj" on node 2 (build target(s)).
     1>InitializeBuildStatus:
         Touching "Debug\Squareroot.unsuccessfulbuild".
       ClCompile:
         All outputs are up-to-date.
         c:\Program Files (x86)\Microsoft Visual Studio 10.0\VC\bin\CL.exe /c /ZI /nologo /W3 /WX- /Od /Oy- /D WIN32 /D _DEBUG /D _CONSOLE /D _UNICODE /D UNICODE /Gm /EHsc /RTC1 /MDd /GS /fp:precise /Zc:wchar_t /Zc:forScope /Yu"StdAfx.h" /Fp"Debug\Squareroot.pch" /Fo"Debug\\" /Fd"Debug\vc100.pdb" /Gd /TP /analyze- /errorReport:prompt Squareroot.cpp
         Squareroot.cpp
       ManifestResourceCompile:
         All outputs are up-to-date.
       Link:
         c:\Program Files (x86)\Microsoft Visual Studio 10.0\VC\bin\link.exe /ERRORREPORT:PROMPT /OUT:"C:\Users\Shahzad\Documents\Visual Studio 2010\Projects\Squareroot\Debug\Squareroot.exe" /INCREMENTAL /NOLOGO kernel32.lib user32.lib gdi32.lib winspool.lib comdlg32.lib advapi32.lib shell32.lib ole32.lib oleaut32.lib uuid.lib odbc32.lib odbccp32.lib /MANIFEST /ManifestFile:"Debug\Squareroot.exe.intermediate.manifest" /MANIFESTUAC:"level='asInvoker' uiAccess='false'" /DEBUG /PDB:"C:\Users\Shahzad\Documents\Visual Studio 2010\Projects\Squareroot\Debug\Squareroot.pdb" /SUBSYSTEM:CONSOLE /TLBID:1 /DYNAMICBASE /NXCOMPAT /IMPLIB:"C:\Users\Shahzad\Documents\Visual Studio 2010\Projects\Squareroot\Debug\Squareroot.lib" /MACHINE:X86 Debug\Squareroot.exe.embed.manifest.res
         Debug\Squareroot.obj
         Debug\stdafx.obj
       Manifest:
         c:\Program Files (x86)\Microsoft SDKs\Windows\v7.0A\bin\mt.exe /nologo /verbose /out:"Debug\Squareroot.exe.embed.manifest" /manifest Debug\Squareroot.exe.intermediate.manifest
         All outputs are up-to-date.
       LinkEmbedManifest:
         All outputs are up-to-date.
         Squareroot.vcxproj -> C:\Users\Shahzad\Documents\Visual Studio 2010\Projects\Squareroot\Debug\Squareroot.exe
       FinalizeBuildStatus:
         Deleting file "Debug\Squareroot.unsuccessfulbuild".
         Touching "Debug\Squareroot.lastbuildstate".
     1>Done Building Project "C:\Users\Shahzad\Documents\Visual Studio 2010\Projects\Squareroot\Squareroot\Squareroot.vcxproj" (build target(s)).

Build succeeded.

Time Elapsed 00:00:00.49
