Build started 4/25/2016 8:15:16 PM.
     1>Project "c:\Users\Shahzad\documents\visual studio 2010\Projects\C-Strings\C-Strings\C-Strings.vcxproj" on node 2 (build target(s)).
     1>InitializeBuildStatus:
         Touching "Debug\C-Strings.unsuccessfulbuild".
       ClCompile:
         All outputs are up-to-date.
         c:\Program Files (x86)\Microsoft Visual Studio 10.0\VC\bin\CL.exe /c /ZI /nologo /W3 /WX- /Od /Oy- /D WIN32 /D _DEBUG /D _CONSOLE /D _UNICODE /D UNICODE /Gm /EHsc /RTC1 /MDd /GS /fp:precise /Zc:wchar_t /Zc:forScope /Yu"StdAfx.h" /Fp"Debug\C-Strings.pch" /Fo"Debug\\" /Fd"Debug\vc100.pdb" /Gd /TP /analyze- /errorReport:prompt "C-Strings.cpp"
         C-Strings.cpp
       ManifestResourceCompile:
         c:\Program Files (x86)\Microsoft SDKs\Windows\v7.0A\bin\rc.exe /nologo /fo"Debug\C-Strings.exe.embed.manifest.res" Debug\C-Strings_manifest.rc 
       Link:
         c:\Program Files (x86)\Microsoft Visual Studio 10.0\VC\bin\link.exe /ERRORREPORT:PROMPT /OUT:"c:\users\shahzad\documents\visual studio 2010\Projects\C-Strings\Debug\C-Strings.exe" /INCREMENTAL /NOLOGO kernel32.lib user32.lib gdi32.lib winspool.lib comdlg32.lib advapi32.lib shell32.lib ole32.lib oleaut32.lib uuid.lib odbc32.lib odbccp32.lib /MANIFEST /ManifestFile:"Debug\C-Strings.exe.intermediate.manifest" /MANIFESTUAC:"level='asInvoker' uiAccess='false'" /DEBUG /PDB:"c:\users\shahzad\documents\visual studio 2010\Projects\C-Strings\Debug\C-Strings.pdb" /SUBSYSTEM:CONSOLE /TLBID:1 /DYNAMICBASE /NXCOMPAT /IMPLIB:"c:\users\shahzad\documents\visual studio 2010\Projects\C-Strings\Debug\C-Strings.lib" /MACHINE:X86 "Debug\C-Strings.exe.embed.manifest.res"
         "Debug\C-Strings.obj"
         Debug\stdafx.obj
       Manifest:
         c:\Program Files (x86)\Microsoft SDKs\Windows\v7.0A\bin\mt.exe /nologo /verbose /out:"Debug\C-Strings.exe.embed.manifest" /manifest "Debug\C-Strings.exe.intermediate.manifest"
         c:\Program Files (x86)\Microsoft SDKs\Windows\v7.0A\bin\rc.exe /nologo /fo"Debug\C-Strings.exe.embed.manifest.res" Debug\C-Strings_manifest.rc 
       LinkEmbedManifest:
         c:\Program Files (x86)\Microsoft Visual Studio 10.0\VC\bin\link.exe /ERRORREPORT:PROMPT /OUT:"c:\users\shahzad\documents\visual studio 2010\Projects\C-Strings\Debug\C-Strings.exe" /INCREMENTAL /NOLOGO kernel32.lib user32.lib gdi32.lib winspool.lib comdlg32.lib advapi32.lib shell32.lib ole32.lib oleaut32.lib uuid.lib odbc32.lib odbccp32.lib /MANIFEST /ManifestFile:"Debug\C-Strings.exe.intermediate.manifest" /MANIFESTUAC:"level='asInvoker' uiAccess='false'" /DEBUG /PDB:"c:\users\shahzad\documents\visual studio 2010\Projects\C-Strings\Debug\C-Strings.pdb" /SUBSYSTEM:CONSOLE /TLBID:1 /DYNAMICBASE /NXCOMPAT /IMPLIB:"c:\users\shahzad\documents\visual studio 2010\Projects\C-Strings\Debug\C-Strings.lib" /MACHINE:X86 "Debug\C-Strings.exe.embed.manifest.res"
         "Debug\C-Strings.obj"
         Debug\stdafx.obj
         C-Strings.vcxproj -> c:\users\shahzad\documents\visual studio 2010\Projects\C-Strings\Debug\C-Strings.exe
       FinalizeBuildStatus:
         Deleting file "Debug\C-Strings.unsuccessfulbuild".
         Touching "Debug\C-Strings.lastbuildstate".
     1>Done Building Project "c:\Users\Shahzad\documents\visual studio 2010\Projects\C-Strings\C-Strings\C-Strings.vcxproj" (build target(s)).

Build succeeded.

Time Elapsed 00:00:01.30
