Build started 3/23/2018 11:00:04 PM.
     1>Project "D:\Personal\Private\computer science\C++ Projects\Class Templates string compare two char\Class Templates string compare two char\Class Templates string compare two char.vcxproj" on node 2 (build target(s)).
     1>InitializeBuildStatus:
         Creating "Debug\Class Templates string compare two char.unsuccessfulbuild" because "AlwaysCreate" was specified.
       ClCompile:
         c:\Program Files (x86)\Microsoft Visual Studio 10.0\VC\bin\CL.exe /c /ZI /nologo /W3 /WX- /Od /Oy- /D WIN32 /D _DEBUG /D _CONSOLE /D _UNICODE /D UNICODE /Gm /EHsc /RTC1 /MDd /GS /fp:precise /Zc:wchar_t /Zc:forScope /Yc"StdAfx.h" /Fp"Debug\Class Templates string compare two char.pch" /Fo"Debug\\" /Fd"Debug\vc100.pdb" /Gd /TP /analyze- /errorReport:prompt stdafx.cpp
         stdafx.cpp
         c:\Program Files (x86)\Microsoft Visual Studio 10.0\VC\bin\CL.exe /c /ZI /nologo /W3 /WX- /Od /Oy- /D WIN32 /D _DEBUG /D _CONSOLE /D _UNICODE /D UNICODE /Gm /EHsc /RTC1 /MDd /GS /fp:precise /Zc:wchar_t /Zc:forScope /Yu"StdAfx.h" /Fp"Debug\Class Templates string compare two char.pch" /Fo"Debug\\" /Fd"Debug\vc100.pdb" /Gd /TP /analyze- /errorReport:prompt "Class Templates string compare two char.cpp"
         Class Templates string compare two char.cpp
     1>d:\personal\private\computer science\c++ projects\class templates string compare two char\class templates string compare two char\class templates string compare two char.cpp(6): warning C4067: unexpected tokens following preprocessor directive - expected a newline
       ManifestResourceCompile:
         c:\Program Files (x86)\Microsoft SDKs\Windows\v7.0A\bin\rc.exe /nologo /fo"Debug\Class Templates string compare two char.exe.embed.manifest.res" "Debug\Class Templates string compare two char_manifest.rc" 
       Link:
         c:\Program Files (x86)\Microsoft Visual Studio 10.0\VC\bin\link.exe /ERRORREPORT:PROMPT /OUT:"D:\Personal\Private\computer science\C++ Projects\Class Templates string compare two char\Debug\Class Templates string compare two char.exe" /INCREMENTAL /NOLOGO kernel32.lib user32.lib gdi32.lib winspool.lib comdlg32.lib advapi32.lib shell32.lib ole32.lib oleaut32.lib uuid.lib odbc32.lib odbccp32.lib /MANIFEST /ManifestFile:"Debug\Class Templates string compare two char.exe.intermediate.manifest" /MANIFESTUAC:"level='asInvoker' uiAccess='false'" /DEBUG /PDB:"D:\Personal\Private\computer science\C++ Projects\Class Templates string compare two char\Debug\Class Templates string compare two char.pdb" /SUBSYSTEM:CONSOLE /TLBID:1 /DYNAMICBASE /NXCOMPAT /IMPLIB:"D:\Personal\Private\computer science\C++ Projects\Class Templates string compare two char\Debug\Class Templates string compare two char.lib" /MACHINE:X86 "Debug\Class Templates string compare two char.exe.embed.manifest.res"
         "Debug\Class Templates string compare two char.obj"
         Debug\stdafx.obj
         LINK : D:\Personal\Private\computer science\C++ Projects\Class Templates string compare two char\Debug\Class Templates string compare two char.exe not found or not built by the last incremental link; performing full link
       Manifest:
         c:\Program Files (x86)\Microsoft SDKs\Windows\v7.0A\bin\mt.exe /nologo /verbose /out:"Debug\Class Templates string compare two char.exe.embed.manifest" /manifest "Debug\Class Templates string compare two char.exe.intermediate.manifest"
         All outputs are up-to-date.
       LinkEmbedManifest:
         All outputs are up-to-date.
         Class Templates string compare two char.vcxproj -> D:\Personal\Private\computer science\C++ Projects\Class Templates string compare two char\Debug\Class Templates string compare two char.exe
       FinalizeBuildStatus:
         Deleting file "Debug\Class Templates string compare two char.unsuccessfulbuild".
         Touching "Debug\Class Templates string compare two char.lastbuildstate".
     1>Done Building Project "D:\Personal\Private\computer science\C++ Projects\Class Templates string compare two char\Class Templates string compare two char\Class Templates string compare two char.vcxproj" (build target(s)).

Build succeeded.

Time Elapsed 00:00:02.47
