c:\Users\Shahzad\documents\visual studio 2010\Projects\Class Templates string compare two char\Class Templates string compare two char\Debug\cl.command.1.tlog
c:\Users\Shahzad\documents\visual studio 2010\Projects\Class Templates string compare two char\Class Templates string compare two char\Debug\CL.read.1.tlog
c:\Users\Shahzad\documents\visual studio 2010\Projects\Class Templates string compare two char\Class Templates string compare two char\Debug\CL.write.1.tlog
C:\USERS\SHAHZAD\DOCUMENTS\VISUAL STUDIO 2010\PROJECTS\CLASS TEMPLATES STRING COMPARE TWO CHAR\CLASS TEMPLATES STRING COMPARE TWO CHAR\DEBUG\CLASS TEMPLATES STRING COMPARE TWO CHAR.EXE.EMBED.MANIFEST
C:\USERS\SHAHZAD\DOCUMENTS\VISUAL STUDIO 2010\PROJECTS\CLASS TEMPLATES STRING COMPARE TWO CHAR\CLASS TEMPLATES STRING COMPARE TWO CHAR\DEBUG\CLASS TEMPLATES STRING COMPARE TWO CHAR.EXE.EMBED.MANIFEST.RES
C:\USERS\SHAHZAD\DOCUMENTS\VISUAL STUDIO 2010\PROJECTS\CLASS TEMPLATES STRING COMPARE TWO CHAR\CLASS TEMPLATES STRING COMPARE TWO CHAR\DEBUG\CLASS TEMPLATES STRING COMPARE TWO CHAR.EXE.INTERMEDIATE.MANIFEST
C:\USERS\SHAHZAD\DOCUMENTS\VISUAL STUDIO 2010\PROJECTS\CLASS TEMPLATES STRING COMPARE TWO CHAR\CLASS TEMPLATES STRING COMPARE TWO CHAR\DEBUG\CLASS TEMPLATES STRING COMPARE TWO CHAR.OBJ
C:\USERS\SHAHZAD\DOCUMENTS\VISUAL STUDIO 2010\PROJECTS\CLASS TEMPLATES STRING COMPARE TWO CHAR\CLASS TEMPLATES STRING COMPARE TWO CHAR\DEBUG\CLASS TEMPLATES STRING COMPARE TWO CHAR.PCH
c:\Users\Shahzad\documents\visual studio 2010\Projects\Class Templates string compare two char\Class Templates string compare two char\Debug\Class Templates string compare two char_manifest.rc
c:\Users\Shahzad\documents\visual studio 2010\Projects\Class Templates string compare two char\Class Templates string compare two char\Debug\link.1004.read.1.tlog
c:\Users\Shahzad\documents\visual studio 2010\Projects\Class Templates string compare two char\Class Templates string compare two char\Debug\link.1004.write.1.tlog
c:\Users\Shahzad\documents\visual studio 2010\Projects\Class Templates string compare two char\Class Templates string compare two char\Debug\link.1004-cvtres.read.1.tlog
c:\Users\Shahzad\documents\visual studio 2010\Projects\Class Templates string compare two char\Class Templates string compare two char\Debug\link.1004-cvtres.write.1.tlog
c:\Users\Shahzad\documents\visual studio 2010\Projects\Class Templates string compare two char\Class Templates string compare two char\Debug\link.command.1.tlog
c:\Users\Shahzad\documents\visual studio 2010\Projects\Class Templates string compare two char\Class Templates string compare two char\Debug\link.read.1.tlog
c:\Users\Shahzad\documents\visual studio 2010\Projects\Class Templates string compare two char\Class Templates string compare two char\Debug\link.write.1.tlog
c:\Users\Shahzad\documents\visual studio 2010\Projects\Class Templates string compare two char\Class Templates string compare two char\Debug\link-cvtres.read.1.tlog
c:\Users\Shahzad\documents\visual studio 2010\Projects\Class Templates string compare two char\Class Templates string compare two char\Debug\link-cvtres.write.1.tlog
c:\Users\Shahzad\documents\visual studio 2010\Projects\Class Templates string compare two char\Class Templates string compare two char\Debug\mt.command.1.tlog
c:\Users\Shahzad\documents\visual studio 2010\Projects\Class Templates string compare two char\Class Templates string compare two char\Debug\mt.read.1.tlog
c:\Users\Shahzad\documents\visual studio 2010\Projects\Class Templates string compare two char\Class Templates string compare two char\Debug\mt.write.1.tlog
c:\Users\Shahzad\documents\visual studio 2010\Projects\Class Templates string compare two char\Class Templates string compare two char\Debug\rc.command.1.tlog
c:\Users\Shahzad\documents\visual studio 2010\Projects\Class Templates string compare two char\Class Templates string compare two char\Debug\rc.read.1.tlog
c:\Users\Shahzad\documents\visual studio 2010\Projects\Class Templates string compare two char\Class Templates string compare two char\Debug\rc.write.1.tlog
C:\USERS\SHAHZAD\DOCUMENTS\VISUAL STUDIO 2010\PROJECTS\CLASS TEMPLATES STRING COMPARE TWO CHAR\CLASS TEMPLATES STRING COMPARE TWO CHAR\DEBUG\STDAFX.OBJ
c:\Users\Shahzad\documents\visual studio 2010\Projects\Class Templates string compare two char\Class Templates string compare two char\Debug\vc100.idb
C:\USERS\SHAHZAD\DOCUMENTS\VISUAL STUDIO 2010\PROJECTS\CLASS TEMPLATES STRING COMPARE TWO CHAR\CLASS TEMPLATES STRING COMPARE TWO CHAR\DEBUG\VC100.PDB
C:\USERS\SHAHZAD\DOCUMENTS\VISUAL STUDIO 2010\PROJECTS\CLASS TEMPLATES STRING COMPARE TWO CHAR\DEBUG\CLASS TEMPLATES STRING COMPARE TWO CHAR.EXE
C:\USERS\SHAHZAD\DOCUMENTS\VISUAL STUDIO 2010\PROJECTS\CLASS TEMPLATES STRING COMPARE TWO CHAR\DEBUG\CLASS TEMPLATES STRING COMPARE TWO CHAR.ILK
C:\USERS\SHAHZAD\DOCUMENTS\VISUAL STUDIO 2010\PROJECTS\CLASS TEMPLATES STRING COMPARE TWO CHAR\DEBUG\CLASS TEMPLATES STRING COMPARE TWO CHAR.PDB
