Build started 4/24/2016 5:13:58 PM.
     1>Project "c:\Users\Shahzad\documents\visual studio 2010\Projects\Returning Values from function program\Returning Values from function program\Returning Values from function program.vcxproj" on node 2 (build target(s)).
     1>PrepareForBuild:
         Creating directory "c:\users\shahzad\documents\visual studio 2010\Projects\Returning Values from function program\Debug\".
       InitializeBuildStatus:
         Creating "Debug\Returning Values from function program.unsuccessfulbuild" because "AlwaysCreate" was specified.
       ClCompile:
         c:\Program Files (x86)\Microsoft Visual Studio 10.0\VC\bin\CL.exe /c /ZI /nologo /W3 /WX- /Od /Oy- /D WIN32 /D _DEBUG /D _CONSOLE /D _UNICODE /D UNICODE /Gm /EHsc /RTC1 /MDd /GS /fp:precise /Zc:wchar_t /Zc:forScope /Yc"StdAfx.h" /Fp"Debug\Returning Values from function program.pch" /Fo"Debug\\" /Fd"Debug\vc100.pdb" /Gd /TP /analyze- /errorReport:prompt stdafx.cpp
         stdafx.cpp
         c:\Program Files (x86)\Microsoft Visual Studio 10.0\VC\bin\CL.exe /c /ZI /nologo /W3 /WX- /Od /Oy- /D WIN32 /D _DEBUG /D _CONSOLE /D _UNICODE /D UNICODE /Gm /EHsc /RTC1 /MDd /GS /fp:precise /Zc:wchar_t /Zc:forScope /Yu"StdAfx.h" /Fp"Debug\Returning Values from function program.pch" /Fo"Debug\\" /Fd"Debug\vc100.pdb" /Gd /TP /analyze- /errorReport:prompt "Returning Values from function program.cpp"
         Returning Values from function program.cpp
     1>c:\users\shahzad\documents\visual studio 2010\projects\returning values from function program\returning values from function program\returning values from function program.cpp(25): warning C4244: 'initializing' : conversion from 'double' to 'float', possible loss of data
       ManifestResourceCompile:
         c:\Program Files (x86)\Microsoft SDKs\Windows\v7.0A\bin\rc.exe /nologo /fo"Debug\Returning Values from function program.exe.embed.manifest.res" "Debug\Returning Values from function program_manifest.rc" 
       Link:
         c:\Program Files (x86)\Microsoft Visual Studio 10.0\VC\bin\link.exe /ERRORREPORT:PROMPT /OUT:"c:\users\shahzad\documents\visual studio 2010\Projects\Returning Values from function program\Debug\Returning Values from function program.exe" /INCREMENTAL /NOLOGO kernel32.lib user32.lib gdi32.lib winspool.lib comdlg32.lib advapi32.lib shell32.lib ole32.lib oleaut32.lib uuid.lib odbc32.lib odbccp32.lib /MANIFEST /ManifestFile:"Debug\Returning Values from function program.exe.intermediate.manifest" /MANIFESTUAC:"level='asInvoker' uiAccess='false'" /DEBUG /PDB:"c:\users\shahzad\documents\visual studio 2010\Projects\Returning Values from function program\Debug\Returning Values from function program.pdb" /SUBSYSTEM:CONSOLE /TLBID:1 /DYNAMICBASE /NXCOMPAT /IMPLIB:"c:\users\shahzad\documents\visual studio 2010\Projects\Returning Values from function program\Debug\Returning Values from function program.lib" /MACHINE:X86 "Debug\Returning Values from function program.exe.embed.manifest.res"
         "Debug\Returning Values from function program.obj"
         Debug\stdafx.obj
       Manifest:
         c:\Program Files (x86)\Microsoft SDKs\Windows\v7.0A\bin\mt.exe /nologo /verbose /out:"Debug\Returning Values from function program.exe.embed.manifest" /manifest "Debug\Returning Values from function program.exe.intermediate.manifest"
         c:\Program Files (x86)\Microsoft SDKs\Windows\v7.0A\bin\rc.exe /nologo /fo"Debug\Returning Values from function program.exe.embed.manifest.res" "Debug\Returning Values from function program_manifest.rc" 
       LinkEmbedManifest:
         c:\Program Files (x86)\Microsoft Visual Studio 10.0\VC\bin\link.exe /ERRORREPORT:PROMPT /OUT:"c:\users\shahzad\documents\visual studio 2010\Projects\Returning Values from function program\Debug\Returning Values from function program.exe" /INCREMENTAL /NOLOGO kernel32.lib user32.lib gdi32.lib winspool.lib comdlg32.lib advapi32.lib shell32.lib ole32.lib oleaut32.lib uuid.lib odbc32.lib odbccp32.lib /MANIFEST /ManifestFile:"Debug\Returning Values from function program.exe.intermediate.manifest" /MANIFESTUAC:"level='asInvoker' uiAccess='false'" /DEBUG /PDB:"c:\users\shahzad\documents\visual studio 2010\Projects\Returning Values from function program\Debug\Returning Values from function program.pdb" /SUBSYSTEM:CONSOLE /TLBID:1 /DYNAMICBASE /NXCOMPAT /IMPLIB:"c:\users\shahzad\documents\visual studio 2010\Projects\Returning Values from function program\Debug\Returning Values from function program.lib" /MACHINE:X86 "Debug\Returning Values from function program.exe.embed.manifest.res"
         "Debug\Returning Values from function program.obj"
         Debug\stdafx.obj
         Returning Values from function program.vcxproj -> c:\users\shahzad\documents\visual studio 2010\Projects\Returning Values from function program\Debug\Returning Values from function program.exe
       FinalizeBuildStatus:
         Deleting file "Debug\Returning Values from function program.unsuccessfulbuild".
         Touching "Debug\Returning Values from function program.lastbuildstate".
     1>Done Building Project "c:\Users\Shahzad\documents\visual studio 2010\Projects\Returning Values from function program\Returning Values from function program\Returning Values from function program.vcxproj" (build target(s)).

Build succeeded.

Time Elapsed 00:00:02.90
