Build started 4/25/2016 9:17:38 PM.
     1>Project "C:\Users\Shahzad\Documents\Visual Studio 2010\Projects\Passing Arrays to functions\Passing Arrays to functions\Passing Arrays to functions.vcxproj" on node 2 (build target(s)).
     1>InitializeBuildStatus:
         Touching "Debug\Passing Arrays to functions.unsuccessfulbuild".
       ClCompile:
         All outputs are up-to-date.
         c:\Program Files (x86)\Microsoft Visual Studio 10.0\VC\bin\CL.exe /c /ZI /nologo /W3 /WX- /Od /Oy- /D WIN32 /D _DEBUG /D _CONSOLE /D _UNICODE /D UNICODE /Gm /EHsc /RTC1 /MDd /GS /fp:precise /Zc:wchar_t /Zc:forScope /Yu"StdAfx.h" /Fp"Debug\Passing Arrays to functions.pch" /Fo"Debug\\" /Fd"Debug\vc100.pdb" /Gd /TP /analyze- /errorReport:prompt "Passing Arrays to functions.cpp"
         Passing Arrays to functions.cpp
       ManifestResourceCompile:
         c:\Program Files (x86)\Microsoft SDKs\Windows\v7.0A\bin\rc.exe /nologo /fo"Debug\Passing Arrays to functions.exe.embed.manifest.res" "Debug\Passing Arrays to functions_manifest.rc" 
       Link:
         c:\Program Files (x86)\Microsoft Visual Studio 10.0\VC\bin\link.exe /ERRORREPORT:PROMPT /OUT:"C:\Users\Shahzad\Documents\Visual Studio 2010\Projects\Passing Arrays to functions\Debug\Passing Arrays to functions.exe" /INCREMENTAL /NOLOGO kernel32.lib user32.lib gdi32.lib winspool.lib comdlg32.lib advapi32.lib shell32.lib ole32.lib oleaut32.lib uuid.lib odbc32.lib odbccp32.lib /MANIFEST /ManifestFile:"Debug\Passing Arrays to functions.exe.intermediate.manifest" /MANIFESTUAC:"level='asInvoker' uiAccess='false'" /DEBUG /PDB:"C:\Users\Shahzad\Documents\Visual Studio 2010\Projects\Passing Arrays to functions\Debug\Passing Arrays to functions.pdb" /SUBSYSTEM:CONSOLE /TLBID:1 /DYNAMICBASE /NXCOMPAT /IMPLIB:"C:\Users\Shahzad\Documents\Visual Studio 2010\Projects\Passing Arrays to functions\Debug\Passing Arrays to functions.lib" /MACHINE:X86 "Debug\Passing Arrays to functions.exe.embed.manifest.res"
         "Debug\Passing Arrays to functions.obj"
         Debug\stdafx.obj
       Manifest:
         c:\Program Files (x86)\Microsoft SDKs\Windows\v7.0A\bin\mt.exe /nologo /verbose /out:"Debug\Passing Arrays to functions.exe.embed.manifest" /manifest "Debug\Passing Arrays to functions.exe.intermediate.manifest"
         c:\Program Files (x86)\Microsoft SDKs\Windows\v7.0A\bin\rc.exe /nologo /fo"Debug\Passing Arrays to functions.exe.embed.manifest.res" "Debug\Passing Arrays to functions_manifest.rc" 
       LinkEmbedManifest:
         c:\Program Files (x86)\Microsoft Visual Studio 10.0\VC\bin\link.exe /ERRORREPORT:PROMPT /OUT:"C:\Users\Shahzad\Documents\Visual Studio 2010\Projects\Passing Arrays to functions\Debug\Passing Arrays to functions.exe" /INCREMENTAL /NOLOGO kernel32.lib user32.lib gdi32.lib winspool.lib comdlg32.lib advapi32.lib shell32.lib ole32.lib oleaut32.lib uuid.lib odbc32.lib odbccp32.lib /MANIFEST /ManifestFile:"Debug\Passing Arrays to functions.exe.intermediate.manifest" /MANIFESTUAC:"level='asInvoker' uiAccess='false'" /DEBUG /PDB:"C:\Users\Shahzad\Documents\Visual Studio 2010\Projects\Passing Arrays to functions\Debug\Passing Arrays to functions.pdb" /SUBSYSTEM:CONSOLE /TLBID:1 /DYNAMICBASE /NXCOMPAT /IMPLIB:"C:\Users\Shahzad\Documents\Visual Studio 2010\Projects\Passing Arrays to functions\Debug\Passing Arrays to functions.lib" /MACHINE:X86 "Debug\Passing Arrays to functions.exe.embed.manifest.res"
         "Debug\Passing Arrays to functions.obj"
         Debug\stdafx.obj
         Passing Arrays to functions.vcxproj -> C:\Users\Shahzad\Documents\Visual Studio 2010\Projects\Passing Arrays to functions\Debug\Passing Arrays to functions.exe
       FinalizeBuildStatus:
         Deleting file "Debug\Passing Arrays to functions.unsuccessfulbuild".
         Touching "Debug\Passing Arrays to functions.lastbuildstate".
     1>Done Building Project "C:\Users\Shahzad\Documents\Visual Studio 2010\Projects\Passing Arrays to functions\Passing Arrays to functions\Passing Arrays to functions.vcxproj" (build target(s)).

Build succeeded.

Time Elapsed 00:00:01.31
