Build started 4/24/2016 12:33:41 PM.
     1>Project "c:\Users\Shahzad\documents\visual studio 2010\Projects\Part Structure Program\Part Structure Program\Part Structure Program.vcxproj" on node 2 (build target(s)).
     1>InitializeBuildStatus:
         Creating "Debug\Part Structure Program.unsuccessfulbuild" because "AlwaysCreate" was specified.
       ClCompile:
         All outputs are up-to-date.
         c:\Program Files (x86)\Microsoft Visual Studio 10.0\VC\bin\CL.exe /c /ZI /nologo /W3 /WX- /Od /Oy- /D WIN32 /D _DEBUG /D _CONSOLE /D _UNICODE /D UNICODE /Gm /EHsc /RTC1 /MDd /GS /fp:precise /Zc:wchar_t /Zc:forScope /Yu"StdAfx.h" /Fp"Debug\Part Structure Program.pch" /Fo"Debug\\" /Fd"Debug\vc100.pdb" /Gd /TP /analyze- /errorReport:prompt "Part Structure Program.cpp"
         Part Structure Program.cpp
       ManifestResourceCompile:
         All outputs are up-to-date.
       Link:
         c:\Program Files (x86)\Microsoft Visual Studio 10.0\VC\bin\link.exe /ERRORREPORT:PROMPT /OUT:"c:\users\shahzad\documents\visual studio 2010\Projects\Part Structure Program\Debug\Part Structure Program.exe" /INCREMENTAL /NOLOGO kernel32.lib user32.lib gdi32.lib winspool.lib comdlg32.lib advapi32.lib shell32.lib ole32.lib oleaut32.lib uuid.lib odbc32.lib odbccp32.lib /MANIFEST /ManifestFile:"Debug\Part Structure Program.exe.intermediate.manifest" /MANIFESTUAC:"level='asInvoker' uiAccess='false'" /DEBUG /PDB:"c:\users\shahzad\documents\visual studio 2010\Projects\Part Structure Program\Debug\Part Structure Program.pdb" /SUBSYSTEM:CONSOLE /TLBID:1 /DYNAMICBASE /NXCOMPAT /IMPLIB:"c:\users\shahzad\documents\visual studio 2010\Projects\Part Structure Program\Debug\Part Structure Program.lib" /MACHINE:X86 "Debug\Part Structure Program.exe.embed.manifest.res"
         "Debug\Part Structure Program.obj"
         Debug\stdafx.obj
       Manifest:
         c:\Program Files (x86)\Microsoft SDKs\Windows\v7.0A\bin\mt.exe /nologo /verbose /out:"Debug\Part Structure Program.exe.embed.manifest" /manifest "Debug\Part Structure Program.exe.intermediate.manifest"
         All outputs are up-to-date.
       LinkEmbedManifest:
         All outputs are up-to-date.
         Part Structure Program.vcxproj -> c:\users\shahzad\documents\visual studio 2010\Projects\Part Structure Program\Debug\Part Structure Program.exe
       FinalizeBuildStatus:
         Deleting file "Debug\Part Structure Program.unsuccessfulbuild".
         Touching "Debug\Part Structure Program.lastbuildstate".
     1>Done Building Project "c:\Users\Shahzad\documents\visual studio 2010\Projects\Part Structure Program\Part Structure Program\Part Structure Program.vcxproj" (build target(s)).

Build succeeded.

Time Elapsed 00:00:00.62
