Build started 4/23/2016 1:24:49 PM.
     1>Project "C:\Users\Shahzad\Documents\Visual Studio 2010\Projects\For Loop Factorial\For Loop Factorial\For Loop Factorial.vcxproj" on node 2 (build target(s)).
     1>InitializeBuildStatus:
         Creating "Debug\For Loop Factorial.unsuccessfulbuild" because "AlwaysCreate" was specified.
       ClCompile:
         All outputs are up-to-date.
         c:\Program Files (x86)\Microsoft Visual Studio 10.0\VC\bin\CL.exe /c /ZI /nologo /W3 /WX- /Od /Oy- /D WIN32 /D _DEBUG /D _CONSOLE /D _UNICODE /D UNICODE /Gm /EHsc /RTC1 /MDd /GS /fp:precise /Zc:wchar_t /Zc:forScope /Yu"StdAfx.h" /Fp"Debug\For Loop Factorial.pch" /Fo"Debug\\" /Fd"Debug\vc100.pdb" /Gd /TP /analyze- /errorReport:prompt "For Loop Factorial.cpp"
         For Loop Factorial.cpp
     1>c:\users\shahzad\documents\visual studio 2010\projects\for loop factorial\for loop factorial\for loop factorial.cpp(9): warning C4101: 'j' : unreferenced local variable
       ManifestResourceCompile:
         All outputs are up-to-date.
       Link:
         c:\Program Files (x86)\Microsoft Visual Studio 10.0\VC\bin\link.exe /ERRORREPORT:PROMPT /OUT:"C:\Users\Shahzad\Documents\Visual Studio 2010\Projects\For Loop Factorial\Debug\For Loop Factorial.exe" /INCREMENTAL /NOLOGO kernel32.lib user32.lib gdi32.lib winspool.lib comdlg32.lib advapi32.lib shell32.lib ole32.lib oleaut32.lib uuid.lib odbc32.lib odbccp32.lib /MANIFEST /ManifestFile:"Debug\For Loop Factorial.exe.intermediate.manifest" /MANIFESTUAC:"level='asInvoker' uiAccess='false'" /DEBUG /PDB:"C:\Users\Shahzad\Documents\Visual Studio 2010\Projects\For Loop Factorial\Debug\For Loop Factorial.pdb" /SUBSYSTEM:CONSOLE /TLBID:1 /DYNAMICBASE /NXCOMPAT /IMPLIB:"C:\Users\Shahzad\Documents\Visual Studio 2010\Projects\For Loop Factorial\Debug\For Loop Factorial.lib" /MACHINE:X86 "Debug\For Loop Factorial.exe.embed.manifest.res"
         "Debug\For Loop Factorial.obj"
         Debug\stdafx.obj
       Manifest:
         c:\Program Files (x86)\Microsoft SDKs\Windows\v7.0A\bin\mt.exe /nologo /verbose /out:"Debug\For Loop Factorial.exe.embed.manifest" /manifest "Debug\For Loop Factorial.exe.intermediate.manifest"
         All outputs are up-to-date.
       LinkEmbedManifest:
         All outputs are up-to-date.
         For Loop Factorial.vcxproj -> C:\Users\Shahzad\Documents\Visual Studio 2010\Projects\For Loop Factorial\Debug\For Loop Factorial.exe
       FinalizeBuildStatus:
         Deleting file "Debug\For Loop Factorial.unsuccessfulbuild".
         Touching "Debug\For Loop Factorial.lastbuildstate".
     1>Done Building Project "C:\Users\Shahzad\Documents\Visual Studio 2010\Projects\For Loop Factorial\For Loop Factorial\For Loop Factorial.vcxproj" (build target(s)).

Build succeeded.

Time Elapsed 00:00:01.39
