Build started 4/24/2016 5:34:01 PM.
     1>Project "c:\Users\Shahzad\documents\visual studio 2010\Projects\Reference Arguments Program\Reference Arguments Program\Reference Arguments Program.vcxproj" on node 2 (build target(s)).
     1>PrepareForBuild:
         Creating directory "c:\users\shahzad\documents\visual studio 2010\Projects\Reference Arguments Program\Debug\".
       InitializeBuildStatus:
         Creating "Debug\Reference Arguments Program.unsuccessfulbuild" because "AlwaysCreate" was specified.
       ClCompile:
         c:\Program Files (x86)\Microsoft Visual Studio 10.0\VC\bin\CL.exe /c /ZI /nologo /W3 /WX- /Od /Oy- /D WIN32 /D _DEBUG /D _CONSOLE /D _UNICODE /D UNICODE /Gm /EHsc /RTC1 /MDd /GS /fp:precise /Zc:wchar_t /Zc:forScope /Yc"StdAfx.h" /Fp"Debug\Reference Arguments Program.pch" /Fo"Debug\\" /Fd"Debug\vc100.pdb" /Gd /TP /analyze- /errorReport:prompt stdafx.cpp
         stdafx.cpp
         c:\Program Files (x86)\Microsoft Visual Studio 10.0\VC\bin\CL.exe /c /ZI /nologo /W3 /WX- /Od /Oy- /D WIN32 /D _DEBUG /D _CONSOLE /D _UNICODE /D UNICODE /Gm /EHsc /RTC1 /MDd /GS /fp:precise /Zc:wchar_t /Zc:forScope /Yu"StdAfx.h" /Fp"Debug\Reference Arguments Program.pch" /Fo"Debug\\" /Fd"Debug\vc100.pdb" /Gd /TP /analyze- /errorReport:prompt "Reference Arguments Program.cpp"
         Reference Arguments Program.cpp
       ManifestResourceCompile:
         c:\Program Files (x86)\Microsoft SDKs\Windows\v7.0A\bin\rc.exe /nologo /fo"Debug\Reference Arguments Program.exe.embed.manifest.res" "Debug\Reference Arguments Program_manifest.rc" 
       Link:
         c:\Program Files (x86)\Microsoft Visual Studio 10.0\VC\bin\link.exe /ERRORREPORT:PROMPT /OUT:"c:\users\shahzad\documents\visual studio 2010\Projects\Reference Arguments Program\Debug\Reference Arguments Program.exe" /INCREMENTAL /NOLOGO kernel32.lib user32.lib gdi32.lib winspool.lib comdlg32.lib advapi32.lib shell32.lib ole32.lib oleaut32.lib uuid.lib odbc32.lib odbccp32.lib /MANIFEST /ManifestFile:"Debug\Reference Arguments Program.exe.intermediate.manifest" /MANIFESTUAC:"level='asInvoker' uiAccess='false'" /DEBUG /PDB:"c:\users\shahzad\documents\visual studio 2010\Projects\Reference Arguments Program\Debug\Reference Arguments Program.pdb" /SUBSYSTEM:CONSOLE /TLBID:1 /DYNAMICBASE /NXCOMPAT /IMPLIB:"c:\users\shahzad\documents\visual studio 2010\Projects\Reference Arguments Program\Debug\Reference Arguments Program.lib" /MACHINE:X86 "Debug\Reference Arguments Program.exe.embed.manifest.res"
         "Debug\Reference Arguments Program.obj"
         Debug\stdafx.obj
       Manifest:
         c:\Program Files (x86)\Microsoft SDKs\Windows\v7.0A\bin\mt.exe /nologo /verbose /out:"Debug\Reference Arguments Program.exe.embed.manifest" /manifest "Debug\Reference Arguments Program.exe.intermediate.manifest"
         c:\Program Files (x86)\Microsoft SDKs\Windows\v7.0A\bin\rc.exe /nologo /fo"Debug\Reference Arguments Program.exe.embed.manifest.res" "Debug\Reference Arguments Program_manifest.rc" 
       LinkEmbedManifest:
         c:\Program Files (x86)\Microsoft Visual Studio 10.0\VC\bin\link.exe /ERRORREPORT:PROMPT /OUT:"c:\users\shahzad\documents\visual studio 2010\Projects\Reference Arguments Program\Debug\Reference Arguments Program.exe" /INCREMENTAL /NOLOGO kernel32.lib user32.lib gdi32.lib winspool.lib comdlg32.lib advapi32.lib shell32.lib ole32.lib oleaut32.lib uuid.lib odbc32.lib odbccp32.lib /MANIFEST /ManifestFile:"Debug\Reference Arguments Program.exe.intermediate.manifest" /MANIFESTUAC:"level='asInvoker' uiAccess='false'" /DEBUG /PDB:"c:\users\shahzad\documents\visual studio 2010\Projects\Reference Arguments Program\Debug\Reference Arguments Program.pdb" /SUBSYSTEM:CONSOLE /TLBID:1 /DYNAMICBASE /NXCOMPAT /IMPLIB:"c:\users\shahzad\documents\visual studio 2010\Projects\Reference Arguments Program\Debug\Reference Arguments Program.lib" /MACHINE:X86 "Debug\Reference Arguments Program.exe.embed.manifest.res"
         "Debug\Reference Arguments Program.obj"
         Debug\stdafx.obj
         Reference Arguments Program.vcxproj -> c:\users\shahzad\documents\visual studio 2010\Projects\Reference Arguments Program\Debug\Reference Arguments Program.exe
       FinalizeBuildStatus:
         Deleting file "Debug\Reference Arguments Program.unsuccessfulbuild".
         Touching "Debug\Reference Arguments Program.lastbuildstate".
     1>Done Building Project "c:\Users\Shahzad\documents\visual studio 2010\Projects\Reference Arguments Program\Reference Arguments Program\Reference Arguments Program.vcxproj" (build target(s)).

Build succeeded.

Time Elapsed 00:00:02.10
